{
  "RSpec": {
    "coverage": {
      "/Users/alora/turing_work/1mod/futbol/spec/game_team_spec.rb": {
        "lines": [

        ]
      },
      "/Users/alora/turing_work/1mod/futbol/spec/stat_tracker_spec.rb": {
        "lines": [
          1,
          1,
          1,
          1,
          1,
          1,
          null,
          1,
          3,
          null,
          1,
          37,
          37,
          37,
          null,
          null,
          37,
          null,
          null,
          null,
          null,
          37,
          null,
          null,
          1,
          1,
          1,
          null,
          null,
          null,
          1,
          1,
          1,
          null,
          null,
          null,
          null,
          1,
          1,
          1,
          null,
          null,
          null,
          null,
          1,
          1,
          1,
          null,
          null,
          null,
          1,
          1,
          1,
          null,
          null,
          1,
          1,
          null,
          null,
          null,
          null,
          1,
          1,
          1,
          null,
          null,
          null,
          1,
          1,
          1,
          null,
          null,
          null,
          1,
          1,
          1,
          null,
          null,
          1,
          1,
          1,
          null,
          null,
          null,
          1,
          1,
          1,
          null,
          null,
          null,
          1,
          1,
          1,
          null,
          null,
          null,
          1,
          1,
          1,
          null,
          null,
          null,
          1,
          1,
          1,
          null,
          null,
          null,
          1,
          1,
          1,
          1,
          null,
          null,
          null,
          1,
          1,
          1,
          1,
          null,
          null,
          null,
          1,
          1,
          1,
          null,
          null,
          null,
          1,
          1,
          1,
          null,
          null,
          null,
          1,
          1,
          1,
          1,
          null,
          null,
          null,
          1,
          1,
          1,
          1,
          null,
          null,
          null,
          null,
          1,
          null,
          1,
          null,
          null,
          1,
          1,
          null,
          null,
          1,
          1,
          1,
          1,
          null,
          1,
          1,
          null,
          null,
          null,
          1,
          1,
          1,
          1,
          null,
          1,
          1,
          null,
          null,
          null,
          1,
          1,
          null,
          null,
          1,
          null,
          null,
          null,
          null,
          null,
          null,
          null,
          1,
          null,
          null,
          null,
          null,
          null,
          null,
          null,
          null,
          null,
          1,
          1,
          1,
          null,
          null,
          null,
          1,
          1,
          1,
          null,
          null,
          null,
          1,
          1,
          1,
          1,
          null,
          null,
          null,
          1,
          1,
          1,
          1,
          1,
          null,
          null,
          1,
          1,
          1,
          1,
          1,
          null,
          null,
          1,
          1,
          null,
          null,
          1,
          1,
          null,
          null,
          1,
          1,
          null,
          null,
          1,
          1,
          null,
          1,
          null,
          null,
          null,
          null,
          null,
          null,
          null,
          null,
          null,
          null,
          null,
          null,
          null,
          null,
          null,
          null,
          null,
          null,
          null,
          null,
          null,
          null,
          null,
          null,
          null,
          null,
          null,
          1,
          null,
          null,
          null,
          1,
          1,
          1,
          1,
          null,
          null,
          null,
          1,
          1,
          1,
          1,
          null,
          null,
          null,
          1,
          1,
          1,
          null,
          null,
          null
        ]
      },
      "/Users/alora/turing_work/1mod/futbol/lib/game_team.rb": {
        "lines": [
          1,
          1,
          null,
          null,
          null,
          1,
          null,
          null,
          1332,
          1332,
          1332,
          1332,
          1332,
          1332,
          1332,
          1332,
          1332,
          1332,
          1332,
          1332,
          1332,
          1332,
          1332,
          null,
          null
        ]
      },
      "/Users/alora/turing_work/1mod/futbol/lib/team.rb": {
        "lines": [
          1,
          1,
          null,
          1,
          1186,
          1186,
          1186,
          1186,
          1186,
          1186,
          null,
          null,
          null
        ]
      },
      "/Users/alora/turing_work/1mod/futbol/lib/stat_tracker.rb": {
        "lines": [
          1,
          1,
          1,
          1,
          1,
          null,
          1,
          1,
          1,
          null,
          1,
          39,
          39,
          39,
          null,
          null,
          1,
          null,
          37,
          null,
          null,
          null,
          37,
          37,
          37,
          37,
          null,
          null,
          1,
          37,
          925,
          null,
          null,
          null,
          null,
          null,
          null,
          null,
          null,
          null,
          null,
          null,
          null,
          null,
          null,
          1,
          37,
          1184,
          null,
          null,
          null,
          null,
          null,
          null,
          null,
          null,
          null,
          null,
          1,
          37,
          1332,
          null,
          null,
          null,
          null,
          null,
          null,
          null,
          null,
          null,
          null,
          null,
          null,
          null,
          null,
          null,
          null,
          null,
          null,
          1,
          3,
          75,
          null,
          3,
          null,
          null,
          1,
          1,
          1,
          null,
          null,
          1,
          1,
          1,
          null,
          null,
          1,
          1,
          1,
          25,
          10,
          null,
          null,
          null,
          1,
          1,
          null,
          null,
          1,
          1,
          1,
          25,
          9,
          null,
          null,
          null,
          1,
          1,
          null,
          null,
          1,
          1,
          1,
          25,
          6,
          null,
          null,
          null,
          1,
          1,
          null,
          null,
          1,
          2,
          72,
          null,
          2,
          null,
          null,
          1,
          null,
          2,
          null,
          null,
          2,
          28,
          null,
          null,
          null,
          null,
          1,
          1,
          null,
          null,
          1,
          2,
          null,
          2,
          72,
          72,
          null,
          72,
          72,
          null,
          12,
          null,
          12,
          12,
          null,
          12,
          12,
          12,
          null,
          2,
          null,
          null,
          1,
          4788,
          null,
          null,
          1,
          1,
          null,
          1,
          5,
          null,
          null,
          null,
          1,
          1,
          null,
          null,
          1,
          2,
          2,
          null,
          2,
          38,
          38,
          38,
          null,
          null,
          2,
          2,
          38,
          null,
          2,
          null,
          null,
          1,
          2,
          null,
          null,
          1,
          1,
          20,
          1,
          null,
          null,
          1,
          1,
          20,
          1,
          null,
          null,
          1,
          158,
          15,
          null,
          null,
          1,
          2,
          72,
          null,
          2,
          null,
          null,
          1,
          2,
          null,
          null,
          1,
          2,
          2,
          22,
          null,
          null,
          null,
          1,
          1,
          null,
          15,
          1,
          null,
          null,
          1,
          1,
          15,
          1,
          null,
          null,
          1,
          1,
          12,
          1,
          null,
          null,
          1,
          1,
          12,
          1,
          null,
          null,
          1,
          1,
          null,
          null,
          1,
          2,
          null,
          null,
          1,
          1,
          null,
          1,
          25,
          20,
          null,
          5,
          null,
          null,
          1,
          null,
          null,
          1,
          null,
          null,
          null,
          1,
          null,
          null,
          2,
          null,
          null,
          2,
          null,
          2,
          72,
          null,
          16,
          16,
          null,
          16,
          16,
          16,
          null,
          null,
          2,
          null,
          2,
          null,
          2,
          10,
          null,
          null,
          2,
          10,
          null,
          null,
          1,
          2,
          2,
          null,
          2,
          72,
          null,
          16,
          16,
          null,
          16,
          16,
          16,
          null,
          null,
          2,
          null,
          2,
          null,
          2,
          10,
          null,
          null,
          2,
          10,
          null,
          null,
          1,
          2,
          2,
          null,
          2,
          72,
          null,
          20,
          20,
          null,
          20,
          20,
          null,
          2,
          null,
          null,
          1,
          1,
          6,
          1,
          null,
          null,
          1,
          1,
          6,
          1,
          null,
          null,
          1,
          4,
          null,
          4,
          144,
          144,
          144,
          null,
          144,
          144,
          null,
          24,
          null,
          24,
          24,
          null,
          24,
          24,
          null,
          4,
          null,
          null,
          1,
          1,
          1,
          null,
          1,
          3,
          3,
          null,
          3,
          6,
          6,
          6,
          null,
          null,
          1,
          1,
          2,
          null,
          null,
          1,
          null,
          null,
          1,
          0,
          0,
          null,
          0,
          0,
          null,
          0,
          null,
          null,
          1,
          0,
          0,
          0,
          null,
          0,
          0,
          0,
          null,
          0,
          0,
          0,
          null,
          null,
          null,
          0,
          null,
          null,
          1,
          2,
          null,
          2,
          33,
          null,
          null,
          2,
          null,
          null,
          null,
          null,
          null,
          2,
          null,
          null,
          2,
          null,
          null,
          1,
          1,
          1,
          1,
          1,
          null,
          1,
          1,
          1,
          0,
          0,
          null,
          null,
          null,
          1,
          null,
          null,
          1,
          1,
          1,
          1,
          1,
          null,
          1,
          1,
          1,
          1,
          1,
          null,
          null,
          null,
          1,
          null,
          null,
          1,
          null,
          5,
          5,
          125,
          25,
          25,
          25,
          15,
          15,
          15,
          null,
          10,
          10,
          10,
          10,
          null,
          null,
          5,
          5,
          17,
          null,
          5,
          null,
          null,
          1,
          2,
          2,
          7,
          null,
          2,
          null,
          null,
          1,
          2,
          2,
          7,
          null,
          2,
          null,
          null,
          1,
          3,
          3,
          null,
          3,
          6,
          6,
          6,
          6,
          6,
          6,
          null,
          null,
          3,
          null,
          null,
          null,
          1,
          5,
          null,
          5,
          180,
          13,
          null,
          null,
          5,
          null,
          null,
          1,
          4,
          null,
          4,
          144,
          9,
          null,
          null,
          4,
          null,
          null,
          1,
          2,
          2,
          null,
          2,
          50,
          null,
          6,
          2,
          null,
          4,
          null,
          null,
          6,
          null,
          2,
          null,
          null,
          1,
          1,
          1,
          1,
          null,
          null,
          1,
          1,
          1,
          null,
          1,
          25,
          null,
          3,
          2,
          null,
          1,
          null,
          null,
          3,
          null,
          1,
          null,
          null,
          1,
          1,
          1,
          1,
          null,
          null,
          1,
          1,
          1,
          1,
          3,
          null,
          1,
          null,
          null,
          1,
          52,
          null,
          2,
          11,
          5,
          null,
          6,
          null,
          null,
          2,
          null,
          null,
          1,
          52,
          null,
          2,
          11,
          5,
          null,
          6,
          null,
          null,
          2,
          null,
          null,
          1,
          1,
          1,
          25,
          8,
          8,
          8,
          8,
          8,
          8,
          8,
          3,
          2,
          2,
          2,
          2,
          2,
          2,
          null,
          null,
          3,
          1,
          1,
          1,
          1,
          1,
          0,
          null,
          null,
          5,
          5,
          3,
          3,
          3,
          3,
          3,
          3,
          null,
          null,
          5,
          2,
          2,
          2,
          2,
          2,
          1,
          null,
          null,
          null,
          null,
          1,
          null,
          null,
          1,
          1,
          1,
          1,
          null,
          4,
          3,
          3,
          3,
          3,
          3,
          3,
          null,
          4,
          1,
          1,
          1,
          1,
          1,
          1,
          null,
          null,
          1,
          null,
          null,
          1,
          1,
          1,
          null,
          1,
          null,
          1,
          null,
          null
        ]
      },
      "/Users/alora/turing_work/1mod/futbol/lib/game_maker.rb": {
        "lines": [
          1,
          1,
          7,
          7,
          169,
          169,
          169,
          25,
          25,
          144,
          144,
          144,
          null,
          null,
          169,
          null,
          169,
          null,
          169,
          null,
          null,
          7,
          null,
          null,
          null,
          null,
          null,
          null
        ]
      },
      "/Users/alora/turing_work/1mod/futbol/spec/team_spec.rb": {
        "lines": [
          1,
          1,
          null,
          null,
          1,
          1,
          2,
          null,
          null,
          null,
          1,
          1,
          1,
          null,
          null,
          1,
          1,
          1,
          1,
          1,
          1,
          1,
          null,
          null,
          null
        ]
      }
    },
    "timestamp": 1727036318
  }
}
