{
  "RSpec": {
    "coverage": {
      "/Users/alora/turing_work/1mod/futbol/spec/game_team_spec.rb": {
        "lines": [

        ]
      },
      "/Users/alora/turing_work/1mod/futbol/spec/stat_tracker_spec.rb": {
        "lines": [
          1,
          1,
          1,
          1,
          1,
          1,
          null,
          1,
          1,
          19,
          19,
          19,
          null,
          null,
          19,
          null,
          null,
          null,
          null,
          19,
          null,
          null,
          1,
          1,
          1,
          null,
          null,
          null,
          1,
          1,
          1,
          null,
          null,
          null,
          null,
          1,
          1,
          1,
          null,
          null,
          null,
          null,
          1,
          1,
          1,
          null,
          null,
          null,
          1,
          1,
          null,
          1,
          null,
          null,
          1,
          1,
          null,
          null,
          null,
          1,
          1,
          1,
          null,
          null,
          null,
          1,
          1,
          1,
          null,
          null,
          null,
          1,
          1,
          1,
          null,
          null,
          1,
          1,
          1,
          null,
          null,
          null,
          1,
          1,
          1,
          null,
          null,
          null,
          1,
          1,
          1,
          null,
          null,
          null,
          1,
          1,
          1,
          null,
          null,
          null,
          1,
          1,
          1,
          null,
          null,
          null,
          1,
          1,
          1,
          1,
          null,
          null,
          null,
          1,
          1,
          1,
          1,
          null,
          null,
          null,
          1,
          1,
          1,
          null,
          null,
          null,
          1,
          1,
          1,
          null,
          null,
          null,
          1,
          1,
          null,
          null,
          1,
          null,
          null,
          null,
          null,
          null,
          null,
          null,
          1,
          null,
          null,
          null,
          null,
          null,
          null,
          null,
          null,
          null,
          null,
          null
        ]
      },
      "/Users/alora/turing_work/1mod/futbol/lib/game_team.rb": {
        "lines": [
          1,
          1,
          null,
          null,
          null,
          1,
          null,
          null,
          684,
          684,
          684,
          684,
          684,
          684,
          684,
          684,
          684,
          684,
          684,
          684,
          684,
          684,
          684,
          null,
          null
        ]
      },
      "/Users/alora/turing_work/1mod/futbol/lib/team.rb": {
        "lines": [
          1,
          1,
          null,
          1,
          610,
          610,
          610,
          610,
          610,
          610,
          null,
          null,
          null
        ]
      },
      "/Users/alora/turing_work/1mod/futbol/lib/stat_tracker.rb": {
        "lines": [
          1,
          1,
          1,
          1,
          null,
          1,
          1,
          null,
          1,
          19,
          19,
          19,
          null,
          null,
          1,
          null,
          19,
          null,
          null,
          null,
          19,
          19,
          19,
          19,
          null,
          null,
          1,
          19,
          475,
          null,
          null,
          null,
          null,
          null,
          null,
          null,
          null,
          null,
          null,
          null,
          null,
          null,
          null,
          1,
          19,
          608,
          null,
          null,
          null,
          null,
          null,
          null,
          null,
          null,
          null,
          null,
          1,
          19,
          684,
          null,
          null,
          null,
          null,
          null,
          null,
          null,
          null,
          null,
          null,
          null,
          null,
          null,
          null,
          null,
          null,
          null,
          null,
          1,
          3,
          75,
          null,
          3,
          null,
          null,
          1,
          1,
          1,
          null,
          null,
          1,
          1,
          1,
          null,
          null,
          1,
          1,
          null,
          null,
          1,
          null,
          2,
          null,
          2,
          72,
          null,
          null,
          72,
          null,
          null,
          72,
          72,
          null,
          null,
          2,
          null,
          null,
          null,
          1,
          2,
          null,
          null,
          2,
          38,
          null,
          null,
          null,
          null,
          1,
          1,
          20,
          1,
          null,
          null,
          null,
          1,
          1,
          20,
          1,
          null,
          null,
          1,
          40,
          6,
          null,
          null,
          null,
          1,
          1,
          null,
          1,
          25,
          20,
          null,
          5,
          null,
          null,
          1,
          null,
          null,
          1,
          1,
          null,
          null,
          1,
          1,
          null,
          1,
          25,
          null,
          25,
          null,
          25,
          25,
          null,
          1,
          null,
          null,
          1,
          1,
          null,
          1,
          5,
          null,
          null,
          null,
          1,
          1,
          1,
          25,
          10,
          null,
          null,
          null,
          1,
          1,
          null,
          null,
          1,
          1,
          1,
          25,
          9,
          null,
          null,
          null,
          1,
          1,
          null,
          null,
          1,
          1,
          1,
          25,
          6,
          null,
          null,
          null,
          1,
          1,
          null,
          null,
          1,
          2,
          72,
          null,
          2,
          null,
          null,
          1,
          null,
          2,
          2,
          36,
          null,
          null,
          36,
          null,
          null,
          36,
          36,
          null,
          null,
          2,
          null,
          null,
          null,
          1,
          null,
          2,
          null,
          null,
          2,
          28,
          null,
          null,
          null,
          null,
          1,
          1,
          1,
          null,
          null,
          1,
          1,
          1,
          null,
          null,
          1,
          null,
          null,
          2,
          null,
          null,
          2,
          null,
          2,
          72,
          null,
          16,
          16,
          null,
          16,
          16,
          16,
          null,
          null,
          2,
          null,
          2,
          null,
          2,
          10,
          null,
          null,
          2,
          10,
          null,
          null,
          1,
          2,
          2,
          null,
          2,
          72,
          null,
          16,
          16,
          null,
          16,
          16,
          16,
          null,
          null,
          2,
          null,
          2,
          null,
          2,
          10,
          null,
          null,
          2,
          10,
          null,
          null,
          1,
          2,
          2,
          null,
          2,
          72,
          null,
          20,
          20,
          null,
          20,
          20,
          null,
          2,
          null,
          null,
          1,
          1,
          1,
          null,
          null,
          1,
          1,
          1,
          null,
          null,
          1,
          2,
          null,
          2,
          33,
          null,
          null,
          2,
          null,
          null,
          null,
          null,
          null,
          2,
          null,
          null,
          2,
          null,
          null,
          null,
          null
        ]
      },
      "/Users/alora/turing_work/1mod/futbol/spec/team_spec.rb": {
        "lines": [
          1,
          1,
          null,
          null,
          1,
          1,
          2,
          null,
          null,
          null,
          1,
          1,
          1,
          null,
          null,
          1,
          1,
          1,
          1,
          1,
          1,
          1,
          null,
          null,
          null
        ]
      }
    },
    "timestamp": 1726783090
  }
}
